loaded 3874 rows from comics.csv
894 unique series

============================================================
PHASE 1: volumes + issues (covers, synopsis, characters)
============================================================
[1/894] ✓ 1963 → vol 5162 (6 issues)
[2/894] ✓ 2010 → vol 3470 (2 issues)
[3/894] ✓ 2020 Force Works → vol 125299 (3 issues)
[4/894] ✓ 2020 Rescue → vol 125474 (2 issues)
[5/894] ✓ 2099 Unlimited → vol 18463 (10 issues)
[6/894] ✓ A-Force, Vol. 1 → vol 82099 (5 issues)
[7/894] ✓ A-Next → vol 6205 (12 issues)
[8/894] ✓ Absolute Batman → vol 37316 (1 issues)
[9/894] ✓ Absolute Carnage → vol 120035 (1 issues)
[10/894] ✓ Absolute Carnage: Avengers → vol 122065 (1 issues)
[11/894] ✓ Absolute Carnage: Captain Marvel → vol 122985 (1 issues)
[12/894] ✓ Absolute Carnage: Lethal Protectors → vol 120945 (3 issues)
[13/894] ✓ Absolute Carnage: Scream → vol 120627 (3 issues)
[14/894] ✓ Absolute Carnage: Symbiote of Vengeance → vol 121221 (1 issues)
[15/894] ✗ Absolute Carnage: The Immortal Hulk (no match)
[16/894] ✓ Absolute Superman → vol 160860 (19 issues)
[17/894] ✓ Action Comics, Vol. 1 → vol 18005 (864 issues)
[18/894] ✓ Action Comics, Vol. 3 → vol 18005 (864 issues)
[19/894] ✗ Adventure Time (Boom! Studios) (no match)
[20/894] ✓ Adventures of Cyclops and Phoenix, The → vol 5272 (4 issues)
[21/894] ✓ Adventures of Superman → vol 3778 (228 issues)
[22/894] ✓ Age of Conan: Valeria → vol 120630 (5 issues)
[23/894] ✓ Age of Ultron → vol 58436 (11 issues)
[24/894] ✓ Age of Ultron vs. Marvel Zombies → vol 82820 (4 issues)
[25/894] ✓ Age of X: Universe → vol 39513 (2 issues)
  -- cache saved at series 25
[26/894] ✓ Airboy → vol 3665 (50 issues)
[27/894] ✗ Airboy and Mr. Monster Special (no match)
[28/894] ✓ Akira → vol 4041 (38 issues)
[29/894] ✓ Alien, Vol. 1 (Marvel Comics) → vol 3169 (9 issues)
[30/894] ✗ Aliens vs Predator (no match)
[31/894] ✓ Aliens, Vol. 1 → vol 4132 (6 issues)
[32/894] ✓ Aliens, Vol. 2 → vol 4132 (6 issues)
[33/894] ✓ Aliens: Aftermath → vol 137603 (1 issues)
[34/894] ✓ Aliens: Colonial Marines → vol 21236 (10 issues)
[35/894] ✓ Aliens: Earth War → vol 4462 (4 issues)
[36/894] ✓ All New Exiles, The → vol 18338 (11 issues)
[37/894] ✓ All-New Captain America Special → vol 81829 (1 issues)
[38/894] ✓ All-New Spider-Gwen: The Ghost-Spider → vol 166312 (10 issues)
[39/894] ✓ All-New Wolverine → vol 85930 (35 issues)
[40/894] ✓ Alpha Flight, Vol. 1 → vol 3217 (130 issues)
[41/894] ✓ Amazing Age → vol 101160 (6 issues)
[42/894] ✓ Amazing Fantasy, Vol. 1 → vol 5533 (4 issues)
[43/894] ✓ Amazing Scarlet Spider, The → vol 9539 (2 issues)
[44/894] ✓ Amazing Spider-Man, Vol. 1 → vol 2127 (651 issues)
[45/894] ✓ Amazing Spider-Man, Vol. 1 Annual → vol 2127 (651 issues)
[46/894] ✓ Amazing Spider-Man, Vol. 2 → vol 2127 (651 issues)
[47/894] ✓ Amazing Spider-Man, Vol. 4 → vol 2127 (651 issues)
[48/894] ✓ Amazing Spider-Man, Vol. 5 → vol 2127 (651 issues)
[49/894] ✓ Amazon → vol 18798 (1 issues)
[50/894] ✓ Angela → vol 5433 (3 issues)
  -- cache saved at series 50
[51/894] ✗ Angela / Glory (no match)
[52/894] ✓ Angela: Asgard's Assassin → vol 78548 (6 issues)
[53/894] ✓ Animax → vol 3624 (4 issues)
[54/894] ✓ Anne Rice's Interview With The Vampire → vol 27815 (12 issues)
[55/894] ✓ Ant-Man, Vol. 2 → vol 18227 (12 issues)
[56/894] ✓ Aquaman, Vol. 1 → vol 2050 (63 issues)
[57/894] ✓ Arcanum → vol 6085 (9 issues)
[58/894] ✓ Archangel → vol 18148 (1 issues)
[59/894] ✓ Archer & Armstrong → vol 4824 (27 issues)
[60/894] ✓ Archie Giant Series → vol 11430 (332 issues)
[61/894] ✓ Armor Wars → vol 27306 (4 issues)
[62/894] ✓ Ascension → vol 20237 (24 issues)
[63/894] ✓ Asgardians of the Galaxy → vol 113217 (10 issues)
[64/894] ✓ Askani'son → vol 18151 (4 issues)
[65/894] ✓ Astonishing X-Men, Vol. 1 → vol 5536 (4 issues)
[66/894] ✓ Astonishing X-Men, Vol. 3 → vol 5536 (4 issues)
[67/894] ✓ Astonishing X-Men, Vol. 4 → vol 5536 (4 issues)
[68/894] ✗ Austin Powers (no match)
[69/894] ✓ Avengelyne / Prophet → vol 19785 (2 issues)
[70/894] ✓ Avengelyne Bible → vol 21447 (1 issues)
[71/894] ✓ Avengelyne, Vol. 2 → vol 5712 (3 issues)
[72/894] ✓ Avengers Assemble, Vol. 2 → vol 33262 (1 issues)
[73/894] ✗ Avengers Standoff: Assault On Pleasant Hill - Alpha (no match)
[74/894] ✓ Avengers Vs → vol 31128 (4 issues)
[75/894] ✓ Avengers, Vol. 1 → vol 2128 (403 issues)
  -- cache saved at series 75
[76/894] ✓ Avengers, Vol. 1 Annual → vol 2128 (403 issues)
[77/894] ✓ Avengers, Vol. 2 → vol 2128 (403 issues)
[78/894] ✓ Avengers, Vol. 3 → vol 2128 (403 issues)
[79/894] ✓ Avengers, Vol. 4 → vol 2128 (403 issues)
[80/894] ✓ Avengers, Vol. 5 → vol 2128 (403 issues)
[81/894] ✓ Avengers, Vol. 8 → vol 2128 (403 issues)
[82/894] ✓ Avengers, Vol. 9 → vol 2128 (403 issues)
[83/894] ✓ Avengers: Earth's Mightiest Heroes, Vol. 1 → vol 19690 (8 issues)
[84/894] ✗ Avengers: Mech Strike (no match)
[85/894] ✓ Avengers: Spotlight, Vol. 1 → vol 33511 (1 issues)
[86/894] ✓ Avengers: The Terminatrix Objective, The → vol 4986 (4 issues)
[87/894] ✓ Avengers: Ultron Forever → vol 81085 (1 issues)
[88/894] ✓ Avengers: X-Sanction → vol 44477 (4 issues)
[89/894] ✗ Axa (Eclipse) (no match)
[90/894] ✓ Axis: Hobgoblin → vol 77691 (3 issues)
[91/894] ✓ Balder The Brave → vol 3471 (4 issues)
[92/894] ✗ Batman / Demon: Deal With the Devil (no match)
[93/894] ✗ Batman / Green Arrow: The Poison Tomorrow (no match)
[94/894] ✗ Batman / Spawn: War Devil (no match)
[95/894] ✓ Batman Confidential → vol 18231 (54 issues)
[96/894] ✓ Batman versus Predator → vol 4692 (3 issues)
[97/894] ✓ Batman, Vol. 1 → vol 796 (716 issues)
[98/894] ✓ Batman: Dark Knight Gallery → vol 20648 (1 issues)
[99/894] ✓ Batman: Death of Innocents → vol 36261 (1 issues)
[100/894] ✓ Batman: Gotham Knights → vol 7207 (74 issues)
  -- cache saved at series 100
[101/894] ✓ Batman: Gotham by Gaslight - The Kryptonian Age → vol 158462 (6 issues)
[102/894] ✓ Batman: Holy Terror → vol 28207 (1 issues)
[103/894] ✗ Batman: Legends of The Dark Knight - Jazz (no match)
[104/894] ✓ Batman: Legends of The Dark Knight Annual → vol 4950 (5 issues)
[105/894] ✓ Batman: Legends of the Dark Knight → vol 4720 (179 issues)
[106/894] ✗ Batman: Madness: Legends of The Dark Knight - Halloween Special (no match)
[107/894] ✓ Batman: Manbat → vol 5496 (3 issues)
[108/894] ✓ Batman: Run, Riddler, Run → vol 4722 (3 issues)
[109/894] ✓ Batman: Scar of the Bat → vol 28200 (1 issues)
[110/894] ✓ Batman: Shadow of the Bat → vol 4724 (96 issues)
[111/894] ✓ Batman: Shadow of the Bat Annual → vol 9219 (5 issues)
[112/894] ✓ Batman: The Cult → vol 3979 (4 issues)
[113/894] ✓ Batman: The Ultimate Evil → vol 32959 (2 issues)
[114/894] ✓ Batman: Year Two → vol 51491 (1 issues)
[115/894] ✓ Battlestar Galactica, Vol. 1 (Marvel Comics) → vol 3002 (23 issues)
[116/894] ✓ Before Watchmen: Comedian → vol 49841 (6 issues)
[117/894] ✓ Before Watchmen: Dr. Manhattan → vol 51417 (4 issues)
[118/894] ✓ Before Watchmen: Minutemen → vol 49454 (6 issues)
[119/894] ✓ Before Watchmen: Nite Owl → vol 49959 (4 issues)
[120/894] ✓ Before Watchmen: Ozymandias → vol 50174 (6 issues)
[121/894] ✓ Before Watchmen: Rorschach → vol 51266 (4 issues)
[122/894] ✓ Before Watchmen: Silk Spectre → vol 49637 (4 issues)
[123/894] ✓ Beta Ray Bill → vol 135002 (5 issues)
[124/894] ✓ Bill & Ted's Bogus Journey → vol 32256 (1 issues)
[125/894] ✓ Black → vol 1119 (3 issues)
  -- cache saved at series 125
[126/894] ✓ Black Hole → vol 7234 (12 issues)
[127/894] ✓ Black Orchid, Vol. 1 → vol 3982 (3 issues)
[128/894] ✓ Black Order → vol 115237 (5 issues)
[129/894] ✓ Black Widow, Vol. 3 → vol 7166 (3 issues)
[130/894] ✓ Blackhawk, Vol. 1 → vol 1819 (265 issues)
[131/894] ✓ Blade, Vol. 1 → vol 18117 (12 issues)
[132/894] ✗ Blade: Vampire-Hunter (no match)
[133/894] ✗ Blood: A Tale (Epic) (no match)
[134/894] ✓ Bloodshot, Vol. 1 → vol 5067 (52 issues)
[135/894] ✓ Blue Beetle, Vol. 7 (1986-1988) → vol 1668 (4 issues)
[136/894] ✗ Bone (Cartoon) (no match)
[137/894] ✓ Boof → vol 23106 (6 issues)
[138/894] ✓ Boof and the Bruise Crew → vol 23101 (6 issues)
[139/894] ✓ Books of Magic, Vol. 2 → vol 4354 (4 issues)
[140/894] ✓ Booster Gold, Vol. 1 → vol 3596 (25 issues)
[141/894] ✗ Boys Dear Becky (no match)
[142/894] ✓ Brave and the Bold, Vol. 1 → vol 1683 (200 issues)
[143/894] ✓ Brigade, Vol. 1 → vol 11268 (4 issues)
[144/894] ✓ Buffy the Vampire Slayer → vol 6239 (64 issues)
[145/894] ✓ Buffy the Vampire Slayer: Angel → vol 6368 (3 issues)
[146/894] ✓ Buffy the Vampire Slayer: The Origin → vol 6710 (3 issues)
[147/894] ✓ Cable, Vol. 1 → vol 4778 (2 issues)
[148/894] ✓ Cable, Vol. 4 → vol 4778 (2 issues)
[149/894] ✗ Cable: Blood & Metal (no match)
[150/894] ✓ Cage, Vol. 1 → vol 4779 (20 issues)
  -- cache saved at series 150
[151/894] ✓ Captain America & The Mighty Avengers → vol 78045 (9 issues)
[152/894] ✓ Captain America, Vol. 01 Annual → vol 1628 (73 issues)
[153/894] ✓ Captain America, Vol. 03 → vol 2400 (355 issues)
[154/894] ✓ Captain America, Vol. 04 → vol 2400 (355 issues)
[155/894] ✓ Captain America, Vol. 05 → vol 2400 (355 issues)
[156/894] ✓ Captain America, Vol. 1 → vol 2400 (355 issues)
[157/894] ✓ Captain America: Dead Men Running → vol 9458 (3 issues)
[158/894] ✓ Captain Atom, Vol. 3 → vol 2220 (12 issues)
[159/894] ✓ Captain Marvel & The Carol Corps → vol 82486 (4 issues)
[160/894] ✓ Captain Marvel, Vol. 1 → vol 2326 (4 issues)
[161/894] ✓ Captain Marvel, Vol. 11 → vol 2326 (4 issues)
[162/894] ✓ Captain Marvel, Vol. 5 → vol 2326 (4 issues)
[163/894] ✓ Captain Marvel: Dark Past → vol 171253 (2 issues)
[164/894] ✓ Captain Marvel: The End → vol 124678 (1 issues)
[165/894] ✓ Carnage → vol 9522 (4 issues)
[166/894] ✗ Catwoman / Vampirella: The Furies (no match)
[167/894] ✓ Catwoman, Vol. 1 → vol 4176 (4 issues)
[168/894] ✓ Catwoman, Vol. 2 → vol 4176 (4 issues)
[169/894] ✓ Celestine → vol 22849 (2 issues)
[170/894] ✓ Centurions → vol 3783 (4 issues)
[171/894] ✓ Chaos Effect → vol 5343 (2 issues)
[172/894] ✓ Chastity: Theatre of Pain → vol 19427 (3 issues)
[173/894] ✓ Checkmate, Vol. 1 → vol 2089 (2 issues)
[174/894] ✓ Civil War → vol 18023 (7 issues)
[175/894] ✓ Civil War: The Initiative → vol 18235 (1 issues)
  -- cache saved at series 175
[176/894] ✓ Classic Star Wars → vol 4861 (20 issues)
[177/894] ✗ Classics Illustrated (First Comics 1990 - 1991) (no match)
[178/894] ✓ Cliffhanger! → vol 160509 (2 issues)
[179/894] ✗ Clive Barker's: Hellraiser (no match)
[180/894] ✓ Codename: Firearm → vol 31688 (6 issues)
[181/894] ✗ Cold Blooded Chameleon Commandos (no match)
[182/894] ✓ Comet Man → vol 3836 (6 issues)
[183/894] ✗ Comics' Greatest World: Ghost (no match)
[184/894] ✓ Conan the Barbarian, Vol. 1 → vol 2471 (275 issues)
[185/894] ✓ Conan the Barbarian, Vol. 3 → vol 2471 (275 issues)
[186/894] ✓ Conan: Battle for the Serpent Crown → vol 124817 (5 issues)
[187/894] ✓ Crossroads → vol 4121 (5 issues)
[188/894] ✓ Crow: Hark The Herald → vol 123079 (1 issues)
[189/894] ✗ Crow: The Dead Time, The (no match)
[190/894] ✓ Cyberforce Origins → vol 20256 (1 issues)
[191/894] ✓ Cyberforce, Vol. 2 → vol 18361 (35 issues)
[192/894] ✓ Cyberrad, Vol. 2 → vol 4631 (7 issues)
[193/894] ✗ Cyblade / Shi: The Battle For Independents (no match)
[194/894] ✓ Cynder / Nira X → vol 29849 (2 issues)
[195/894] ✓ D.P.7 → vol 3627 (32 issues)
[196/894] ✓ Daken: Dark Wolverine → vol 35409 (24 issues)
[197/894] ✓ Damage Control, Vol. 1 → vol 4349 (4 issues)
[198/894] ✗ Daredevil / Shi (no match)
[199/894] ✓ Daredevil, Vol. 1 → vol 2190 (381 issues)
[200/894] ✓ Daredevil, Vol. 1 Annual → vol 886 (134 issues)
  -- cache saved at series 200
[201/894] ✓ Daredevil, Vol. 2 → vol 2190 (381 issues)
[202/894] ✓ Daredevil: The Man Without Fear → vol 5000 (5 issues)
[203/894] ✓ Daredevil: Yellow → vol 7513 (6 issues)
[204/894] ✗ Dark Tower: The Drawing Of The Three: House of Cards (no match)
[205/894] ✓ Darkchylde → vol 17982 (7 issues)
[206/894] ✓ Darkchylde: Redemption → vol 20922 (3 issues)
[207/894] ✓ Darkchylde: The Legacy → vol 20921 (3 issues)
[208/894] ✓ Darker Image → vol 18576 (1 issues)
[209/894] ✓ Darkhold → vol 4784 (16 issues)
[210/894] ✓ Darkness, Vol. 1 → vol 2441 (8 issues)
    network error (420 Client Error: <none> for url: https://comicvine.gamespot.com/api/issues/?filter=volume%3A2441&field_list=issue_number%2Cname%2Cdeck%2Cimage%2Ccharacter_credits%2Cperson_credits%2Cstory_arc_credits%2Ccover_date&offset=0&limit=100&api_key=b39b19162c228171a40a3b925e515e243476062b&format=json); retry in 5s…
    network error (420 Client Error:  for url: https://comicvine.gamespot.com/api/issues/?filter=volume%3A2441&field_list=issue_number%2Cname%2Cdeck%2Cimage%2Ccharacter_credits%2Cperson_credits%2Cstory_arc_credits%2Ccover_date&offset=0&limit=100&api_key=b39b19162c228171a40a3b925e515e243476062b&format=json); retry in 10s…
    network error (420 Client Error: <none> for url: https://comicvine.gamespot.com/api/issues/?filter=volume%3A2441&field_list=issue_number%2Cname%2Cdeck%2Cimage%2Ccharacter_credits%2Cperson_credits%2Cstory_arc_credits%2Ccover_date&offset=0&limit=100&api_key=b39b19162c228171a40a3b925e515e243476062b&format=json); retry in 20s…
    network error (420 Client Error: <none> for url: https://comicvine.gamespot.com/api/issues/?filter=volume%3A2441&field_list=issue_number%2Cname%2Cdeck%2Cimage%2Ccharacter_credits%2Cperson_credits%2Cstory_arc_credits%2Ccover_date&offset=0&limit=100&api_key=b39b19162c228171a40a3b925e515e243476062b&format=json); retry in 40s…
    network error (420 Client Error: <none> for url: https://comicvine.gamespot.com/api/issues/?filter=volume%3A2441&field_list=issue_number%2Cname%2Cdeck%2Cimage%2Ccharacter_credits%2Cperson_credits%2Cstory_arc_credits%2Ccover_date&offset=0&limit=100&api_key=b39b19162c228171a40a3b925e515e243476062b&format=json); retry in 80s…
    network error (420 Client Error: <none> for url: https://comicvine.gamespot.com/api/issues/?filter=volume%3A2441&field_list=issue_number%2Cname%2Cdeck%2Cimage%2Ccharacter_credits%2Cperson_credits%2Cstory_arc_credits%2Ccover_date&offset=0&limit=100&api_key=b39b19162c228171a40a3b925e515e243476062b&format=json); retry in 160s…
[211/894] ✓ Darkstars → vol 7273 (39 issues)
    network error (420 Client Error: <none> for url: https://comicvine.gamespot.com/api/issues/?filter=volume%3A7273&field_list=issue_number%2Cname%2Cdeck%2Cimage%2Ccharacter_credits%2Cperson_credits%2Cstory_arc_credits%2Ccover_date&offset=0&limit=100&api_key=b39b19162c228171a40a3b925e515e243476062b&format=json); retry in 5s…
    network error (420 Client Error: <none> for url: https://comicvine.gamespot.com/api/issues/?filter=volume%3A7273&field_list=issue_number%2Cname%2Cdeck%2Cimage%2Ccharacter_credits%2Cperson_credits%2Cstory_arc_credits%2Ccover_date&offset=0&limit=100&api_key=b39b19162c228171a40a3b925e515e243476062b&format=json); retry in 10s…
    network error (420 Client Error: <none> for url: https://comicvine.gamespot.com/api/issues/?filter=volume%3A7273&field_list=issue_number%2Cname%2Cdeck%2Cimage%2Ccharacter_credits%2Cperson_credits%2Cstory_arc_credits%2Ccover_date&offset=0&limit=100&api_key=b39b19162c228171a40a3b925e515e243476062b&format=json); retry in 20s…
    network error (420 Client Error: <none> for url: https://comicvine.gamespot.com/api/issues/?filter=volume%3A7273&field_list=issue_number%2Cname%2Cdeck%2Cimage%2Ccharacter_credits%2Cperson_credits%2Cstory_arc_credits%2Ccover_date&offset=0&limit=100&api_key=b39b19162c228171a40a3b925e515e243476062b&format=json); retry in 40s…
    network error (420 Client Error: <none> for url: https://comicvine.gamespot.com/api/issues/?filter=volume%3A7273&field_list=issue_number%2Cname%2Cdeck%2Cimage%2Ccharacter_credits%2Cperson_credits%2Cstory_arc_credits%2Ccover_date&offset=0&limit=100&api_key=b39b19162c228171a40a3b925e515e243476062b&format=json); retry in 80s…
    network error (420 Client Error: <none> for url: https://comicvine.gamespot.com/api/issues/?filter=volume%3A7273&field_list=issue_number%2Cname%2Cdeck%2Cimage%2Ccharacter_credits%2Cperson_credits%2Cstory_arc_credits%2Ccover_date&offset=0&limit=100&api_key=b39b19162c228171a40a3b925e515e243476062b&format=json); retry in 160s…
[212/894] ✓ Dawn: As Deep As... → vol 23708 (1 issues)
    network error (420 Client Error: <none> for url: https://comicvine.gamespot.com/api/issues/?filter=volume%3A23708&field_list=issue_number%2Cname%2Cdeck%2Cimage%2Ccharacter_credits%2Cperson_credits%2Cstory_arc_credits%2Ccover_date&offset=0&limit=100&api_key=b39b19162c228171a40a3b925e515e243476062b&format=json); retry in 5s…
    network error (420 Client Error: <none> for url: https://comicvine.gamespot.com/api/issues/?filter=volume%3A23708&field_list=issue_number%2Cname%2Cdeck%2Cimage%2Ccharacter_credits%2Cperson_credits%2Cstory_arc_credits%2Ccover_date&offset=0&limit=100&api_key=b39b19162c228171a40a3b925e515e243476062b&format=json); retry in 10s…
    network error (420 Client Error: <none> for url: https://comicvine.gamespot.com/api/issues/?filter=volume%3A23708&field_list=issue_number%2Cname%2Cdeck%2Cimage%2Ccharacter_credits%2Cperson_credits%2Cstory_arc_credits%2Ccover_date&offset=0&limit=100&api_key=b39b19162c228171a40a3b925e515e243476062b&format=json); retry in 20s…
    network error (420 Client Error: <none> for url: https://comicvine.gamespot.com/api/issues/?filter=volume%3A23708&field_list=issue_number%2Cname%2Cdeck%2Cimage%2Ccharacter_credits%2Cperson_credits%2Cstory_arc_credits%2Ccover_date&offset=0&limit=100&api_key=b39b19162c228171a40a3b925e515e243476062b&format=json); retry in 40s…
    network error (420 Client Error: <none> for url: https://comicvine.gamespot.com/api/issues/?filter=volume%3A23708&field_list=issue_number%2Cname%2Cdeck%2Cimage%2Ccharacter_credits%2Cperson_credits%2Cstory_arc_credits%2Ccover_date&offset=0&limit=100&api_key=b39b19162c228171a40a3b925e515e243476062b&format=json); retry in 80s…
    network error (420 Client Error: <none> for url: https://comicvine.gamespot.com/api/issues/?filter=volume%3A23708&field_list=issue_number%2Cname%2Cdeck%2Cimage%2Ccharacter_credits%2Cperson_credits%2Cstory_arc_credits%2Ccover_date&offset=0&limit=100&api_key=b39b19162c228171a40a3b925e515e243476062b&format=json); retry in 160s…
[213/894] ✓ Dawn: Genesis Edition → vol 23700 (1 issues)
    network error (420 Client Error: <none> for url: https://comicvine.gamespot.com/api/issues/?filter=volume%3A23700&field_list=issue_number%2Cname%2Cdeck%2Cimage%2Ccharacter_credits%2Cperson_credits%2Cstory_arc_credits%2Ccover_date&offset=0&limit=100&api_key=b39b19162c228171a40a3b925e515e243476062b&format=json); retry in 5s…
    network error (420 Client Error: <none> for url: https://comicvine.gamespot.com/api/issues/?filter=volume%3A23700&field_list=issue_number%2Cname%2Cdeck%2Cimage%2Ccharacter_credits%2Cperson_credits%2Cstory_arc_credits%2Ccover_date&offset=0&limit=100&api_key=b39b19162c228171a40a3b925e515e243476062b&format=json); retry in 10s…
    network error (420 Client Error:  for url: https://comicvine.gamespot.com/api/issues/?filter=volume%3A23700&field_list=issue_number%2Cname%2Cdeck%2Cimage%2Ccharacter_credits%2Cperson_credits%2Cstory_arc_credits%2Ccover_date&offset=0&limit=100&api_key=b39b19162c228171a40a3b925e515e243476062b&format=json); retry in 20s…
    network error (420 Client Error: <none> for url: https://comicvine.gamespot.com/api/issues/?filter=volume%3A23700&field_list=issue_number%2Cname%2Cdeck%2Cimage%2Ccharacter_credits%2Cperson_credits%2Cstory_arc_credits%2Ccover_date&offset=0&limit=100&api_key=b39b19162c228171a40a3b925e515e243476062b&format=json); retry in 40s…
    network error (420 Client Error: <none> for url: https://comicvine.gamespot.com/api/issues/?filter=volume%3A23700&field_list=issue_number%2Cname%2Cdeck%2Cimage%2Ccharacter_credits%2Cperson_credits%2Cstory_arc_credits%2Ccover_date&offset=0&limit=100&api_key=b39b19162c228171a40a3b925e515e243476062b&format=json); retry in 80s…
    network error (420 Client Error: <none> for url: https://comicvine.gamespot.com/api/issues/?filter=volume%3A23700&field_list=issue_number%2Cname%2Cdeck%2Cimage%2Ccharacter_credits%2Cperson_credits%2Cstory_arc_credits%2Ccover_date&offset=0&limit=100&api_key=b39b19162c228171a40a3b925e515e243476062b&format=json); retry in 160s…
[214/894] ✓ Dawn: Lucifer's Halo → vol 23709 (1 issues)
    network error (420 Client Error: <none> for url: https://comicvine.gamespot.com/api/issues/?filter=volume%3A23709&field_list=issue_number%2Cname%2Cdeck%2Cimage%2Ccharacter_credits%2Cperson_credits%2Cstory_arc_credits%2Ccover_date&offset=0&limit=100&api_key=b39b19162c228171a40a3b925e515e243476062b&format=json); retry in 5s…
    network error (420 Client Error: <none> for url: https://comicvine.gamespot.com/api/issues/?filter=volume%3A23709&field_list=issue_number%2Cname%2Cdeck%2Cimage%2Ccharacter_credits%2Cperson_credits%2Cstory_arc_credits%2Ccover_date&offset=0&limit=100&api_key=b39b19162c228171a40a3b925e515e243476062b&format=json); retry in 10s…
    network error (420 Client Error: <none> for url: https://comicvine.gamespot.com/api/issues/?filter=volume%3A23709&field_list=issue_number%2Cname%2Cdeck%2Cimage%2Ccharacter_credits%2Cperson_credits%2Cstory_arc_credits%2Ccover_date&offset=0&limit=100&api_key=b39b19162c228171a40a3b925e515e243476062b&format=json); retry in 20s…
    network error (420 Client Error: <none> for url: https://comicvine.gamespot.com/api/issues/?filter=volume%3A23709&field_list=issue_number%2Cname%2Cdeck%2Cimage%2Ccharacter_credits%2Cperson_credits%2Cstory_arc_credits%2Ccover_date&offset=0&limit=100&api_key=b39b19162c228171a40a3b925e515e243476062b&format=json); retry in 40s…
    network error (420 Client Error: <none> for url: https://comicvine.gamespot.com/api/issues/?filter=volume%3A23709&field_list=issue_number%2Cname%2Cdeck%2Cimage%2Ccharacter_credits%2Cperson_credits%2Cstory_arc_credits%2Ccover_date&offset=0&limit=100&api_key=b39b19162c228171a40a3b925e515e243476062b&format=json); retry in 80s…
    network error (420 Client Error: <none> for url: https://comicvine.gamespot.com/api/issues/?filter=volume%3A23709&field_list=issue_number%2Cname%2Cdeck%2Cimage%2Ccharacter_credits%2Cperson_credits%2Cstory_arc_credits%2Ccover_date&offset=0&limit=100&api_key=b39b19162c228171a40a3b925e515e243476062b&format=json); retry in 160s…
[215/894] ✓ Dazzler → vol 3083 (42 issues)
    network error (420 Client Error: <none> for url: https://comicvine.gamespot.com/api/issues/?filter=volume%3A3083&field_list=issue_number%2Cname%2Cdeck%2Cimage%2Ccharacter_credits%2Cperson_credits%2Cstory_arc_credits%2Ccover_date&offset=0&limit=100&api_key=b39b19162c228171a40a3b925e515e243476062b&format=json); retry in 5s…
    network error (420 Client Error: <none> for url: https://comicvine.gamespot.com/api/issues/?filter=volume%3A3083&field_list=issue_number%2Cname%2Cdeck%2Cimage%2Ccharacter_credits%2Cperson_credits%2Cstory_arc_credits%2Ccover_date&offset=0&limit=100&api_key=b39b19162c228171a40a3b925e515e243476062b&format=json); retry in 10s…
    network error (420 Client Error: <none> for url: https://comicvine.gamespot.com/api/issues/?filter=volume%3A3083&field_list=issue_number%2Cname%2Cdeck%2Cimage%2Ccharacter_credits%2Cperson_credits%2Cstory_arc_credits%2Ccover_date&offset=0&limit=100&api_key=b39b19162c228171a40a3b925e515e243476062b&format=json); retry in 20s…
    network error (420 Client Error: <none> for url: https://comicvine.gamespot.com/api/issues/?filter=volume%3A3083&field_list=issue_number%2Cname%2Cdeck%2Cimage%2Ccharacter_credits%2Cperson_credits%2Cstory_arc_credits%2Ccover_date&offset=0&limit=100&api_key=b39b19162c228171a40a3b925e515e243476062b&format=json); retry in 40s…
    network error (420 Client Error: <none> for url: https://comicvine.gamespot.com/api/issues/?filter=volume%3A3083&field_list=issue_number%2Cname%2Cdeck%2Cimage%2Ccharacter_credits%2Cperson_credits%2Cstory_arc_credits%2Ccover_date&offset=0&limit=100&api_key=b39b19162c228171a40a3b925e515e243476062b&format=json); retry in 80s…
    network error (420 Client Error: <none> for url: https://comicvine.gamespot.com/api/issues/?filter=volume%3A3083&field_list=issue_number%2Cname%2Cdeck%2Cimage%2Ccharacter_credits%2Cperson_credits%2Cstory_arc_credits%2Ccover_date&offset=0&limit=100&api_key=b39b19162c228171a40a3b925e515e243476062b&format=json); retry in 160s…
